+ Thu Apr 20 12:22:14 EDT 2023 job clip_embed_and_classify_gpu started in lTgpu.q with jobID=11697619 on compute-79-02
+ NSLOTS = 1
Model loaded in 3.8214778900146484
24457
Images loaded in 24.27262568473816
0 1000
1000 embeddings created in 19.133119134232402 s
1000 2000
1000 embeddings created in 19.019563803449273 s
2000 3000
1000 embeddings created in 27.244407584890723 s
3000 4000
1000 embeddings created in 26.632096990942955 s
4000 5000
1000 embeddings created in 27.812498416751623 s
5000 6000
1000 embeddings created in 25.10673618875444 s
6000 7000
1000 embeddings created in 25.568701839074492 s
7000 8000
1000 embeddings created in 26.565382650122046 s
8000 9000
1000 embeddings created in 26.974432609975338 s
9000 10000
1000 embeddings created in 24.744577884674072 s
10000 11000
1000 embeddings created in 16.2441191598773 s
11000 12000
1000 embeddings created in 20.309036584571004 s
12000 13000
1000 embeddings created in 17.69628756120801 s
13000 14000
1000 embeddings created in 22.599255084991455 s
14000 15000
1000 embeddings created in 22.555977784097195 s
15000 16000
1000 embeddings created in 22.950506675988436 s
16000 17000
1000 embeddings created in 20.06233703903854 s
17000 18000
1000 embeddings created in 22.316507797688246 s
18000 19000
1000 embeddings created in 20.381742976605892 s
19000 20000
1000 embeddings created in 18.20978925563395 s
20000 21000
1000 embeddings created in 19.39770053885877 s
21000 22000
1000 embeddings created in 16.22196238487959 s
22000 23000
1000 embeddings created in 18.90949603356421 s
23000 24000
1000 embeddings created in 19.839608075097203 s
24000 24457
457 embeddings created in 8.59296071343124 s
= Thu Apr 20 12:31:46 EDT 2023 job clip_embed_and_classify_gpu done
