+ Wed Apr 19 16:46:14 EDT 2023 job download_bhl_thumbs started in sThC.q with jobID=11645099 on compute-65-09
+ NSLOTS = 12
Error downloading photo 46599331. Trying again...
Error downloading photo 46599372. Trying again...
Error downloading photo 46599336. Trying again...
Error downloading photo 46599381. Trying again...
Error downloading photo 48727534. Trying again...
Error downloading photo 48727507. Trying again...
Error downloading photo 48727520. Trying again...
Error downloading photo 48753891. Trying again...
Error downloading photo 48753713. Trying again...
Error downloading photo 48753755. Trying again...
Error downloading photo 48727483. Trying again...
Error downloading photo 48753761. Trying again...
Error downloading photo 48727594. Trying again...
Error downloading photo 52009897. Trying again...
Error downloading photo 54409303. Trying again...
Error downloading photo 61778319. Trying again...
Downloaded 24473 images in 2063.294004559517 s
= Wed Apr 19 17:20:42 EDT 2023 job download_bhl_thumbs done
